Running job for array index 1 on host:
	node068.pri.viking.alces.network at Wed 7 Oct 21:08:00 BST 2020

Job completed at Wed 7 Oct 21:08:36 BST 2020

============================
 Job utilisation efficiency
============================

Job ID: 9867488
Array Job ID: 9867488_1
Cluster: viking
User/Group: cm1757/clusterusers
State: RUNNING
Cores: 1
CPU Utilized: 00:00:00
CPU Efficiency: 0.00% of 00:00:37 core-walltime
Job Wall-clock time: 00:00:37
Memory Utilized: 0.00 MB (estimated maximum)
Memory Efficiency: 0.00% of 1.00 GB (1.00 GB/node)
WARNING: Efficiency statistics may be misleading for RUNNING jobs.
 Requested wall clock time: 00:30:00
    Actual wall clock time: 00:00:37
Wall clock time efficiency: 2.1%
           Job queued time: 00:00:00
