Running job for array index 1 on host:
	node042.pri.viking.alces.network at Wed 7 Oct 21:10:07 BST 2020

Job completed at Wed 7 Oct 21:10:33 BST 2020

============================
 Job utilisation efficiency
============================

Job ID: 9867496
Array Job ID: 9867496_1
Cluster: viking
User/Group: cm1757/clusterusers
State: COMPLETED (exit code 0)
Cores: 1
CPU Utilized: 00:00:22
CPU Efficiency: 84.62% of 00:00:26 core-walltime
Job Wall-clock time: 00:00:26
Memory Utilized: 960.00 KB
Memory Efficiency: 0.02% of 4.00 GB
 Requested wall clock time: 00:30:00
    Actual wall clock time: 00:00:26
Wall clock time efficiency: 1.4%
           Job queued time: 00:00:01
