Running job for array index 1 on host:
	node042.pri.viking.alces.network at Wed 7 Oct 21:24:20 BST 2020
/var/spool/slurmdspool/job9867542/slurm_script: line 18:  8977 Killed                  matlab -nosplash -nodesktop -nodisplay -r "runjobs_generate_statistics( $SLURM_ARRAY_TASK_ID, 6000, 2, 'bicone', 50, '-linkgeodesic -reduceto=1.0 -fields .propertimes .diamonds .eventcounts .futureinfinities -showprogress' )" > logs/N6000D2T$SLURM_ARRAY_TASK_ID.matlab.log

Job completed at Thu 8 Oct 09:26:35 BST 2020
slurmstepd: error: Detected 1 oom-kill event(s) in step 9867542.batch cgroup. Some of your processes may have been killed by the cgroup out-of-memory handler.

============================
 Job utilisation efficiency
============================

Job ID: 9867542
Array Job ID: 9867515_1
Cluster: viking
User/Group: cm1757/clusterusers
State: OUT_OF_MEMORY (exit code 0)
Cores: 1
CPU Utilized: 12:00:30
CPU Efficiency: 99.76% of 12:02:15 core-walltime
Job Wall-clock time: 12:02:15
Memory Utilized: 8.04 GB
Memory Efficiency: 100.55% of 8.00 GB
 Requested wall clock time: 1-12:00:00
    Actual wall clock time: 12:02:15
Wall clock time efficiency: 33.4%
           Job queued time: 00:09:34
